<?xml version="1.0" encoding="UTF-8"?>
<testsuite name="pokerhandsorter.utils.CardOperationsTest" tests="1" skipped="0" failures="0" errors="0" timestamp="2020-10-26T02:42:39" hostname="DESKTOP-78NNLV3" time="0.0">
  <properties/>
  <testcase name="testCompareArrays" classname="pokerhandsorter.utils.CardOperationsTest" time="0.0"/>
  <system-out><![CDATA[]]></system-out>
  <system-err><![CDATA[]]></system-err>
</testsuite>
